//[example_output
> example68
Running 9 test cases...
test.cpp:61: error: in "test1": check fib_sample == exp has failed [34 != 35]
Failure occurred in a following context:
    fib_sample = 34; exp = 35;
test.cpp:61: error: in "test1": check fib_sample == exp has failed [55 != 56]
Failure occurred in a following context:
    fib_sample = 55; exp = 56;

*** 2 failures are detected in the test module "dataset_example68"
//]
