Note: skipping extra tests
unit_tests                        : FAILED
module_actions                    : PASSED
startup_v2                        : PASSED
core_d12                          : PASSED
core_typecheck                    : PASSED
core_delete_module                : PASSED
core_language                     : PASSED
core_arguments                    : PASSED
core_varnames                     : PASSED
core_import_module                : PASSED
absolute_sources                  : PASSED
alias                             : PASSED
alternatives                      : PASSED
bad_dirname                       : PASSED
build_dir                         : PASSED
build_file                        : PASSED
build_no                          : PASSED
builtin_echo                      : PASSED
builtin_exit                      : PASSED
builtin_split_by_characters       : FAILED
c_file                            : PASSED
chain                             : PASSED
clean                             : PASSED
composite                         : PASSED
conditionals                      : PASSED
conditionals2                     : PASSED
conditionals3                     : PASSED
conditionals_multiple             : PASSED
configuration                     : FAILED
copy_time                         : PASSED
core_action_output                : PASSED
core_action_status                : PASSED
core_actions_quietly              : PASSED
core_at_file                      : PASSED
core_bindrule                     : PASSED
core_multifile_actions            : PASSED
core_nt_cmd_line                  : PASSED
core_option_d2                    : PASSED
core_option_l                     : PASSED
core_option_n                     : PASSED
core_parallel_actions             : PASSED
core_parallel_multifile_actions_1 : PASSED
core_parallel_multifile_actions_2 : PASSED
core_source_line_tracking         : PASSED
core_update_now                   : PASSED
core_variables_in_actions         : PASSED
custom_generator                  : PASSED
default_build                     : PASSED
default_features                  : PASSED
dependency_property               : PASSED
dependency_test                   : FAILED
direct_request_test               : PASSED
disambiguation                    : PASSED
dll_path                          : PASSED
double_loading                    : PASSED
duplicate                         : PASSED
example_libraries                 : PASSED
example_make                      : PASSED
exit_status                       : PASSED
expansion                         : PASSED
explicit                          : PASSED
free_features_request             : PASSED
generator_selection               : FAILED
generators_test                   : FAILED
implicit_dependency               : PASSED
indirect_conditional              : FAILED
inherit_toolset                   : FAILED
inherited_dependency              : PASSED
inline                            : PASSED
lib_source_property               : PASSED
library_chain                     : PASSED
library_property                  : PASSED
link                              : FAILED
load_order                        : FAILED
loop                              : PASSED
make_rule                         : PASSED
message                           : FAILED
ndebug                            : PASSED
no_type                           : PASSED
notfile                           : PASSED
ordered_include                   : PASSED
out_of_tree                       : PASSED
path_features                     : FAILED
prebuilt                          : PASSED
print                             : FAILED
project_dependencies              : PASSED
project_glob                      : PASSED
project_id                        : FAILED
project_root_constants            : PASSED
project_root_rule                 : PASSED
project_test3                     : FAILED
project_test4                     : FAILED
property_expansion                : PASSED
rebuilds                          : PASSED
regression                        : PASSED
relative_sources                  : PASSED
remove_requirement                : PASSED
rescan_header                     : PASSED
resolution                        : PASSED
scanner_causing_rebuilds          : FAILED
searched_lib                      : PASSED
skipping                          : PASSED
sort_rule                         : PASSED
source_locations                  : PASSED
source_order                      : FAILED
space_in_path                     : PASSED
stage                             : PASSED
standalone                        : PASSED
static_and_shared_library         : PASSED
suffix                            : PASSED
tag                               : PASSED
test_result_dumping               : PASSED
test_rc                           : FAILED
testing_support                   : PASSED
timedata                          : FAILED
unit_test                         : PASSED
unused                            : FAILED
use_requirements                  : PASSED
using                             : PASSED
wrapper                           : PASSED
wrong_project                     : PASSED
zlib                              : PASSED
symlink                           : PASSED
library_order                     : FAILED
gcc_runtime                       : FAILED
pch                               : PASSED

        === Test summary ===
        PASS: 103
        FAIL: 23
        
